c:\users\prophet、\onedrive\dev\wengine\trunk\wwengine\debug\vc140.pdb
c:\users\prophet、\onedrive\dev\wengine\trunk\wwengine\debug\vc140.idb
c:\users\prophet、\onedrive\dev\wengine\trunk\wwengine\debug\application.obj
c:\users\prophet、\onedrive\dev\wengine\trunk\wwengine\debug\input.obj
c:\users\prophet、\onedrive\dev\wengine\trunk\wwengine\debug\lib.obj
c:\users\prophet、\onedrive\dev\wengine\trunk\wwengine\debug\skinnedmesh.obj
c:\users\prophet、\onedrive\dev\wengine\trunk\wwengine\debug\wanimationcontroller.obj
c:\users\prophet、\onedrive\dev\wengine\trunk\wwengine\debug\wcamera.obj
c:\users\prophet、\onedrive\dev\wengine\trunk\wwengine\debug\wcharactor.obj
c:\users\prophet、\onedrive\dev\wengine\trunk\wwengine\debug\wcontrollermanager.obj
c:\users\prophet、\onedrive\dev\wengine\trunk\wwengine\debug\wobject.obj
c:\users\prophet、\onedrive\dev\wengine\trunk\wwengine\debug\wtext.obj
c:\users\prophet、\onedrive\dev\wengine\trunk\wwengine\debug\wworld.obj
c:\users\prophet、\onedrive\dev\wengine\trunk\debug\wwengine.pdb
c:\users\prophet、\onedrive\dev\wengine\trunk\wwengine\debug\wwengine.tlog\cl.command.1.tlog
c:\users\prophet、\onedrive\dev\wengine\trunk\wwengine\debug\wwengine.tlog\cl.read.1.tlog
c:\users\prophet、\onedrive\dev\wengine\trunk\wwengine\debug\wwengine.tlog\cl.write.1.tlog
c:\users\prophet、\onedrive\dev\wengine\trunk\wwengine\debug\wwengine.tlog\link-cvtres.read.1.tlog
c:\users\prophet、\onedrive\dev\wengine\trunk\wwengine\debug\wwengine.tlog\link-cvtres.write.1.tlog
c:\users\prophet、\onedrive\dev\wengine\trunk\wwengine\debug\wwengine.tlog\link-rc.read.1.tlog
c:\users\prophet、\onedrive\dev\wengine\trunk\wwengine\debug\wwengine.tlog\link-rc.write.1.tlog
c:\users\prophet、\onedrive\dev\wengine\trunk\wwengine\debug\wwengine.tlog\link.command.1.tlog
c:\users\prophet、\onedrive\dev\wengine\trunk\wwengine\debug\wwengine.tlog\link.read.1.tlog
c:\users\prophet、\onedrive\dev\wengine\trunk\wwengine\debug\wwengine.tlog\link.write.1.tlog
