  WWorld.cpp
  c:\program files (x86)\microsoft directx sdk (june 2010)\include\dinput.h: DIRECTINPUT_VERSION undefined. Defaulting to version 0x0800
  WText.cpp
  c:\program files (x86)\microsoft directx sdk (june 2010)\include\dinput.h: DIRECTINPUT_VERSION undefined. Defaulting to version 0x0800
  WObject.cpp
  c:\program files (x86)\microsoft directx sdk (june 2010)\include\dinput.h: DIRECTINPUT_VERSION undefined. Defaulting to version 0x0800
  WControllerManager.cpp
  c:\program files (x86)\microsoft directx sdk (june 2010)\include\dinput.h: DIRECTINPUT_VERSION undefined. Defaulting to version 0x0800
  WCharactor.cpp
  c:\program files (x86)\microsoft directx sdk (june 2010)\include\dinput.h: DIRECTINPUT_VERSION undefined. Defaulting to version 0x0800
  WCamera.cpp
  c:\program files (x86)\microsoft directx sdk (june 2010)\include\dinput.h: DIRECTINPUT_VERSION undefined. Defaulting to version 0x0800
  WAnimationController.cpp
  c:\program files (x86)\microsoft directx sdk (june 2010)\include\dinput.h: DIRECTINPUT_VERSION undefined. Defaulting to version 0x0800
  skinnedMesh.cpp
  c:\program files (x86)\microsoft directx sdk (june 2010)\include\dinput.h: DIRECTINPUT_VERSION undefined. Defaulting to version 0x0800
  lib.cpp
  c:\program files (x86)\microsoft directx sdk (june 2010)\include\dinput.h: DIRECTINPUT_VERSION undefined. Defaulting to version 0x0800
  Input.cpp
  c:\program files (x86)\microsoft directx sdk (june 2010)\include\dinput.h: DIRECTINPUT_VERSION undefined. Defaulting to version 0x0800
  application.cpp
  c:\program files (x86)\microsoft directx sdk (june 2010)\include\dinput.h: DIRECTINPUT_VERSION undefined. Defaulting to version 0x0800
  正在生成代码...
  WWEngine.vcxproj -> D:\WorldEngine\trunk\Debug\WWEngine.exe
  WWEngine.vcxproj -> D:\WorldEngine\trunk\Debug\WWEngine.pdb (Full PDB)
